<?xml version="1.0" encoding="UTF-8"?>
<testng-results skipped="0" failed="0" total="1" passed="1">
  <reporter-output>
  </reporter-output>
  <suite name="First Suite" duration-ms="20" started-at="2014-02-10T17:14:48Z" finished-at="2014-02-10T17:14:48Z">
    <groups>
    </groups>
    <test name="First Test" duration-ms="20" started-at="2014-02-10T17:14:48Z" finished-at="2014-02-10T17:14:48Z">
      <class name="test.NewTest">
        <test-method status="PASS" signature="testmethod()[pri:0, instance:test.NewTest@e28099]" name="testmethod" duration-ms="10" started-at="2014-02-10T22:44:48Z" finished-at="2014-02-10T22:44:48Z">
          <reporter-output>
          </reporter-output>
        </test-method> <!-- testmethod -->
      </class> <!-- test.NewTest -->
    </test> <!-- First Test -->
  </suite> <!-- First Suite -->
</testng-results>
